Fetching mirrors from http://www.openra.net/packages/d2k-quickinstall-mirrors.txt
Downloading http://openra.ppmsite.com/d2k-quickinstall.zip
Downloaded SHA1: eb9ff88ca24858bd06a752f923156a6480c25c06
Expected SHA1: eb9ff88ca24858bd06a752f923156a6480c25c06
Extracting v2/BLOXBASE.R8
Extracting v2/BLOXBAT.R8
Extracting v2/BLOXBGBS.R8
Extracting v2/BLOXICE.R8
Extracting v2/BLOXTREE.R8
Extracting v2/BLOXWAST.R8
Extracting v2/FONT.BIN
Extracting v2/FONTCOL.FNT
Extracting v2/FONTCOL.FPL
Extracting v2/GAMESFX/A_ECONF1.AUD
Extracting v2/GAMESFX/A_ECONF2.AUD
Extracting v2/GAMESFX/A_ECONF3.AUD
Extracting v2/GAMESFX/A_ESEL1.AUD
Extracting v2/GAMESFX/A_ESEL2.AUD
Extracting v2/GAMESFX/A_ESEL3.AUD
Extracting v2/GAMESFX/A_FCONF1.AUD
Extracting v2/GAMESFX/A_FCONF2.AUD
Extracting v2/GAMESFX/A_FCONF3.AUD
Extracting v2/GAMESFX/A_FCONF4.AUD
Extracting v2/GAMESFX/A_FSEL1.AUD
Extracting v2/GAMESFX/A_FSEL2.AUD
Extracting v2/GAMESFX/A_FSEL3.AUD
Extracting v2/GAMESFX/A_FSEL4.AUD
Extracting v2/GAMESFX/A_ICONF1.AUD
Extracting v2/GAMESFX/A_ICONF2.AUD
Extracting v2/GAMESFX/A_ICONF3.AUD
Extracting v2/GAMESFX/A_ISEL1.AUD
Extracting v2/GAMESFX/A_ISEL2.AUD
Extracting v2/GAMESFX/A_ISEL3.AUD
Extracting v2/GAMESFX/A_VCONF1.AUD
Extracting v2/GAMESFX/A_VCONF2.AUD
Extracting v2/GAMESFX/A_VCONF3.AUD
Extracting v2/GAMESFX/A_VSEL1.AUD
Extracting v2/GAMESFX/A_VSEL2.AUD
Extracting v2/GAMESFX/A_VSEL3.AUD
Extracting v2/GAMESFX/AI_1MIN.AUD
Extracting v2/GAMESFX/AI_2MIN.AUD
Extracting v2/GAMESFX/AI_3MIN.AUD
Extracting v2/GAMESFX/AI_4MIN.AUD
Extracting v2/GAMESFX/AI_5MIN.AUD
Extracting v2/GAMESFX/AI_ABORT.AUD
Extracting v2/GAMESFX/AI_ATACK.AUD
Extracting v2/GAMESFX/AI_BDRDY.AUD
Extracting v2/GAMESFX/AI_BLOST.AUD
Extracting v2/GAMESFX/AI_BUILD.AUD
Extracting v2/GAMESFX/AI_CANCL.AUD
Extracting v2/GAMESFX/AI_CAPT.AUD
Extracting v2/GAMESFX/AI_DHRDY.AUD
Extracting v2/GAMESFX/AI_DPLOY.AUD
Extracting v2/GAMESFX/AI_ENEMY.AUD
Extracting v2/GAMESFX/AI_GANEW.AUD
Extracting v2/GAMESFX/AI_GLOAD.AUD
Extracting v2/GAMESFX/AI_GSAVE.AUD
Extracting v2/GAMESFX/AI_GUARD.AUD
Extracting v2/GAMESFX/AI_HATTK.AUD
Extracting v2/GAMESFX/AI_HOLD.AUD
Extracting v2/GAMESFX/AI_LAUNC.AUD
Extracting v2/GAMESFX/AI_MAP1A.AUD
Extracting v2/GAMESFX/AI_MAP1B.AUD
Extracting v2/GAMESFX/AI_MAP1C.AUD
Extracting v2/GAMESFX/AI_MAP2A.AUD
Extracting v2/GAMESFX/AI_MAP2B.AUD
Extracting v2/GAMESFX/AI_MAP2C.AUD
Extracting v2/GAMESFX/AI_MAP3A.AUD
Extracting v2/GAMESFX/AI_MAP4A.AUD
Extracting v2/GAMESFX/AI_MAP5A.AUD
Extracting v2/GAMESFX/AI_MAP6A.AUD
Extracting v2/GAMESFX/AI_MAP7A.AUD
Extracting v2/GAMESFX/AI_MAP8A.AUD
Extracting v2/GAMESFX/AI_MAP9A.AUD
Extracting v2/GAMESFX/AI_MEND.AUD
Extracting v2/GAMESFX/AI_MFAIL.AUD
Extracting v2/GAMESFX/AI_MONEY.AUD
Extracting v2/GAMESFX/AI_MWIN.AUD
Extracting v2/GAMESFX/AI_NEWOP.AUD
Extracting v2/GAMESFX/AI_NROOM.AUD
Extracting v2/GAMESFX/AI_ORDER.AUD
Extracting v2/GAMESFX/AI_PLACE.AUD
Extracting v2/GAMESFX/AI_POWER.AUD
Extracting v2/GAMESFX/AI_PREP.AUD
Extracting v2/GAMESFX/AI_PRMRY.AUD
Extracting v2/GAMESFX/AI_REINF.AUD
Extracting v2/GAMESFX/AI_RUN.AUD
Extracting v2/GAMESFX/AI_SELL.AUD
Extracting v2/GAMESFX/AI_SILOS.AUD
Extracting v2/GAMESFX/AI_SPORT.AUD
Extracting v2/GAMESFX/AI_TRAIN.AUD
Extracting v2/GAMESFX/AI_ULOST.AUD
Extracting v2/GAMESFX/AI_UNRDY.AUD
Extracting v2/GAMESFX/AI_UPGOP.AUD
Extracting v2/GAMESFX/AI_UPGRD.AUD
Extracting v2/GAMESFX/AI_WATTK.AUD
Extracting v2/GAMESFX/AI_WSIGN.AUD
Extracting v2/GAMESFX/G_SCONF1.AUD
Extracting v2/GAMESFX/G_SCONF2.AUD
Extracting v2/GAMESFX/G_SCONF3.AUD
Extracting v2/GAMESFX/G_SSEL1.AUD
Extracting v2/GAMESFX/G_SSEL2.AUD
Extracting v2/GAMESFX/G_SSEL3.AUD
Extracting v2/GAMESFX/H_ECONF1.AUD
Extracting v2/GAMESFX/H_ECONF2.AUD
Extracting v2/GAMESFX/H_ECONF3.AUD
Extracting v2/GAMESFX/H_ESEL1.AUD
Extracting v2/GAMESFX/H_ESEL2.AUD
Extracting v2/GAMESFX/H_ESEL3.AUD
Extracting v2/GAMESFX/H_ICONF1.AUD
Extracting v2/GAMESFX/H_ICONF2.AUD
Extracting v2/GAMESFX/H_ICONF3.AUD
Extracting v2/GAMESFX/H_ISEL1.AUD
Extracting v2/GAMESFX/H_ISEL2.AUD
Extracting v2/GAMESFX/H_ISEL3.AUD
Extracting v2/GAMESFX/H_VCONF1.AUD
Extracting v2/GAMESFX/H_VCONF2.AUD
Extracting v2/GAMESFX/H_VCONF3.AUD
Extracting v2/GAMESFX/H_VSEL1.AUD
Extracting v2/GAMESFX/H_VSEL2.AUD
Extracting v2/GAMESFX/H_VSEL3.AUD
Extracting v2/GAMESFX/HI_1MIN.AUD
Extracting v2/GAMESFX/HI_2MIN.AUD
Extracting v2/GAMESFX/HI_3MIN.AUD
Extracting v2/GAMESFX/HI_4MIN.AUD
Extracting v2/GAMESFX/HI_5MIN.AUD
Extracting v2/GAMESFX/HI_ABORT.AUD
Extracting v2/GAMESFX/HI_ATACK.AUD
Extracting v2/GAMESFX/HI_BDRDY.AUD
Extracting v2/GAMESFX/HI_BLOST.AUD
Extracting v2/GAMESFX/HI_BUILD.AUD
Extracting v2/GAMESFX/HI_CANCL.AUD
Extracting v2/GAMESFX/HI_CAPT.AUD
Extracting v2/GAMESFX/HI_DHRDY.AUD
Extracting v2/GAMESFX/HI_DPLOY.AUD
Extracting v2/GAMESFX/HI_ENEMY.AUD
Extracting v2/GAMESFX/HI_GANEW.AUD
Extracting v2/GAMESFX/HI_GLOAD.AUD
Extracting v2/GAMESFX/HI_GSAVE.AUD
Extracting v2/GAMESFX/HI_GUARD.AUD
Extracting v2/GAMESFX/HI_HATTK.AUD
Extracting v2/GAMESFX/HI_HOLD.AUD
Extracting v2/GAMESFX/HI_LAUNC.AUD
Extracting v2/GAMESFX/HI_MAP1A.AUD
Extracting v2/GAMESFX/HI_MAP1B.AUD
Extracting v2/GAMESFX/HI_MAP1C.AUD
Extracting v2/GAMESFX/HI_MAP2A.AUD
Extracting v2/GAMESFX/HI_MAP2B.AUD
Extracting v2/GAMESFX/HI_MAP2C.AUD
Extracting v2/GAMESFX/HI_MAP3A.AUD
Extracting v2/GAMESFX/HI_MAP3B.AUD
Extracting v2/GAMESFX/HI_MAP4A.AUD
Extracting v2/GAMESFX/HI_MAP4B.AUD
Extracting v2/GAMESFX/HI_MAP5A.AUD
Extracting v2/GAMESFX/HI_MAP6A.AUD
Extracting v2/GAMESFX/HI_MAP6B.AUD
Extracting v2/GAMESFX/HI_MAP7A.AUD
Extracting v2/GAMESFX/HI_MAP9.AUD
Extracting v2/GAMESFX/HI_MAP9A.AUD
Extracting v2/GAMESFX/HI_MEND.AUD
Extracting v2/GAMESFX/HI_MFAIL.AUD
Extracting v2/GAMESFX/HI_MONEY.AUD
Extracting v2/GAMESFX/HI_MWIN.AUD
Extracting v2/GAMESFX/HI_NEWOP.AUD
Extracting v2/GAMESFX/HI_NROOM.AUD
Extracting v2/GAMESFX/HI_ORDER.AUD
Extracting v2/GAMESFX/HI_PLACE.AUD
Extracting v2/GAMESFX/HI_POWER.AUD
Extracting v2/GAMESFX/HI_PREP.AUD
Extracting v2/GAMESFX/HI_PRMRY.AUD
Extracting v2/GAMESFX/HI_REINF.AUD
Extracting v2/GAMESFX/HI_RUN.AUD
Extracting v2/GAMESFX/HI_SELL.AUD
Extracting v2/GAMESFX/HI_SILOS.AUD
Extracting v2/GAMESFX/HI_SPORT.AUD
Extracting v2/GAMESFX/HI_TRAIN.AUD
Extracting v2/GAMESFX/HI_ULOST.AUD
Extracting v2/GAMESFX/HI_UNRDY.AUD
Extracting v2/GAMESFX/HI_UPGOP.AUD
Extracting v2/GAMESFX/HI_UPGRD.AUD
Extracting v2/GAMESFX/HI_WATTK.AUD
Extracting v2/GAMESFX/HI_WSIGN.AUD
Extracting v2/GAMESFX/O_ECONF1.AUD
Extracting v2/GAMESFX/O_ECONF2.AUD
Extracting v2/GAMESFX/O_ECONF3.AUD
Extracting v2/GAMESFX/O_ESEL1.AUD
Extracting v2/GAMESFX/O_ESEL2.AUD
Extracting v2/GAMESFX/O_ESEL3.AUD
Extracting v2/GAMESFX/O_ICONF1.AUD
Extracting v2/GAMESFX/O_ICONF2.AUD
Extracting v2/GAMESFX/O_ICONF3.AUD
Extracting v2/GAMESFX/O_ISEL1.AUD
Extracting v2/GAMESFX/O_ISEL2.AUD
Extracting v2/GAMESFX/O_ISEL3.AUD
Extracting v2/GAMESFX/O_SCONF1.AUD
Extracting v2/GAMESFX/O_SCONF2.AUD
Extracting v2/GAMESFX/O_SCONF3.AUD
Extracting v2/GAMESFX/O_SSEL1.AUD
Extracting v2/GAMESFX/O_SSEL2.AUD
Extracting v2/GAMESFX/O_SSEL3.AUD
Extracting v2/GAMESFX/O_VCONF1.AUD
Extracting v2/GAMESFX/O_VCONF2.AUD
Extracting v2/GAMESFX/O_VCONF3.AUD
Extracting v2/GAMESFX/O_VSEL1.AUD
Extracting v2/GAMESFX/O_VSEL2.AUD
Extracting v2/GAMESFX/O_VSEL3.AUD
Extracting v2/GAMESFX/OI_1MIN.AUD
Extracting v2/GAMESFX/OI_2MIN.AUD
Extracting v2/GAMESFX/OI_3MIN.AUD
Extracting v2/GAMESFX/OI_4MIN.AUD
Extracting v2/GAMESFX/OI_5MIN.AUD
Extracting v2/GAMESFX/OI_ABORT.AUD
Extracting v2/GAMESFX/OI_ATACK.AUD
Extracting v2/GAMESFX/OI_BDRDY.AUD
Extracting v2/GAMESFX/OI_BLOST.AUD
Extracting v2/GAMESFX/OI_BUILD.AUD
Extracting v2/GAMESFX/OI_CANCL.AUD
Extracting v2/GAMESFX/OI_CAPT.AUD
Extracting v2/GAMESFX/OI_DHRDY.AUD
Extracting v2/GAMESFX/OI_DPLOY.AUD
Extracting v2/GAMESFX/OI_ENEMY.AUD
Extracting v2/GAMESFX/OI_GANEW.AUD
Extracting v2/GAMESFX/OI_GLOAD.AUD
Extracting v2/GAMESFX/OI_GSAVE.AUD
Extracting v2/GAMESFX/OI_GUARD.AUD
Extracting v2/GAMESFX/OI_HATTK.AUD
Extracting v2/GAMESFX/OI_HOLD.AUD
Extracting v2/GAMESFX/OI_LAUNC.AUD
Extracting v2/GAMESFX/OI_MAP1A.AUD
Extracting v2/GAMESFX/OI_MAP1B.AUD
Extracting v2/GAMESFX/OI_MAP1C.AUD
Extracting v2/GAMESFX/OI_MAP2A.AUD
Extracting v2/GAMESFX/OI_MAP2B.AUD
Extracting v2/GAMESFX/OI_MAP2C.AUD
Extracting v2/GAMESFX/OI_MAP3A.AUD
Extracting v2/GAMESFX/OI_MAP4A.AUD
Extracting v2/GAMESFX/OI_MAP5A.AUD
Extracting v2/GAMESFX/OI_MAP6A.AUD
Extracting v2/GAMESFX/OI_MAP7A.AUD
Extracting v2/GAMESFX/OI_MAP8A.AUD
Extracting v2/GAMESFX/OI_MAP9A.AUD
Extracting v2/GAMESFX/OI_MEND.AUD
Extracting v2/GAMESFX/OI_MFAIL.AUD
Extracting v2/GAMESFX/OI_MONEY.AUD
Extracting v2/GAMESFX/OI_MWIN.AUD
Extracting v2/GAMESFX/OI_NEWOP.AUD
Extracting v2/GAMESFX/OI_NROOM.AUD
Extracting v2/GAMESFX/OI_ORDER.AUD
Extracting v2/GAMESFX/OI_PLACE.AUD
Extracting v2/GAMESFX/OI_POWER.AUD
Extracting v2/GAMESFX/OI_PREP.AUD
Extracting v2/GAMESFX/OI_PRMRY.AUD
Extracting v2/GAMESFX/OI_REINF.AUD
Extracting v2/GAMESFX/OI_RUN.AUD
Extracting v2/GAMESFX/OI_SELL.AUD
Extracting v2/GAMESFX/OI_SILOS.AUD
Extracting v2/GAMESFX/OI_SPORT.AUD
Extracting v2/GAMESFX/OI_TRAIN.AUD
Extracting v2/GAMESFX/OI_ULOST.AUD
Extracting v2/GAMESFX/OI_UNRDY.AUD
Extracting v2/GAMESFX/OI_UPGOP.AUD
Extracting v2/GAMESFX/OI_UPGRD.AUD
Extracting v2/GAMESFX/OI_WATTK.AUD
Extracting v2/GAMESFX/OI_WSIGN.AUD
Extracting v2/MOUSE.R8
Extracting v2/PALETTE.BIN
Extracting v2/SOUND.RS
Extracting v2/BLOXXMAS.R8
Extracting v2/DATA.R8
