          SpriteFonts
     4 ms |   Precache common|FreeSans.ttf 10px
     1 ms |   Precache common|FreeSansBold.ttf 10px
     1 ms |   Precache common|FreeSans.ttf 14px
     1 ms |   Precache common|FreeSansBold.ttf 14px
     1 ms |   Precache common|FreeSansBold.ttf 18px
     1 ms |   Precache common|FreeSansBold.ttf 24px
    49 ms --------------------------------------------------
     1 ms LoadMaps
          SpriteFonts
     2 ms |   Precache common|FreeSans.ttf 10px
     2 ms |   Precache common|FreeSansBold.ttf 10px
     2 ms |   Precache common|FreeSans.ttf 12px
     2 ms |   Precache common|FreeSans.ttf 14px
     2 ms |   Precache common|FreeSansBold.ttf 14px
     2 ms |   Precache common|FreeSansBold.ttf 18px
     2 ms |   Precache common|FreeSansBold.ttf 24px
    18 ms --------------------------------------------------
          LoadMaps
    40 ms |   arakeen.oramap
    14 ms |   atreides-01a
     7 ms |   atreides-01b
    11 ms |   atreides-02a
    11 ms |   atreides-02b
    12 ms |   atreides-03a
     9 ms |   atreides-03b
     9 ms |   atreides-04
    10 ms |   atreides-05
     1 ms |   battle-for-dune.oramap
     1 ms |   carthag.oramap
     1 ms |   cave-of-birds.oramap
     1 ms |   cave-of-riches.oramap
     1 ms |   chin-rock.oramap
     1 ms |   cliffmaze.oramap
     1 ms |   death-depths.oramap
     1 ms |   desert-twister.oramap
     2 ms |   eyesofthedesert.oramap
     1 ms |   gara-kulon.oramap
     1 ms |   habbanya-erg.oramap
     1 ms |   habbanya-ridge.oramap
     1 ms |   hallecks-ridge.oramap
    11 ms |   harkonnen-01a
    10 ms |   harkonnen-01b
    12 ms |   harkonnen-02a
    12 ms |   harkonnen-02b
    13 ms |   harkonnen-03a
    12 ms |   harkonnen-03b
    12 ms |   harkonnen-04
    14 ms |   harkonnen-05
    35 ms |   harkonnen-06a
    15 ms |   harkonnen-06b
    13 ms |   harkonnen-07
    13 ms |   harkonnen-08
    14 ms |   harkonnen-09a
    14 ms |   harkonnen-09b
     2 ms |   imperial-basin.oramap
     1 ms |   jacarutu.oramap
     1 ms |   kanly.oramap
     2 ms |   letos-erg.oramap
     1 ms |   lynch-pass.oramap
     1 ms |   mauddibs-cave.oramap
     4 ms |   mount-idaho
     1 ms |   mount-irulan.oramap
     5 ms |   oasis-conquest
     1 ms |   oh-gap.oramap
    11 ms |   ordos-01a
    11 ms |   ordos-01b
    13 ms |   ordos-02a
    12 ms |   ordos-02b
    12 ms |   ordos-03a
    13 ms |   ordos-03b
    50 ms |   ordos-04
    13 ms |   ordos-05
    13 ms |   ordos-06a
     4 ms |   pasty-mesa
     1 ms |   red-chasm.oramap
     6 ms |   shellmap
     1 ms |   side-step.oramap
     1 ms |   sietch-tabr.oramap
     1 ms |   source.oramap
     1 ms |   spice-mesa.oramap
     1 ms |   stone-plateaus.oramap
     1 ms |   sunstroke.oramap
     1 ms |   tenaya.oramap
     1 ms |   the-duell.oramap
     2 ms |   the-funeral-plain.oramap
     1 ms |   the-great-flat.oramap
     1 ms |   the-minor-erg.oramap
     1 ms |   the-shield-wall.oramap
     1 ms |   thufirs-point.oramap
     1 ms |   tsimpo.oramap
     1 ms |   tucks-sietch.oramap
     1 ms |   venac-ditch.oramap
     1 ms |   vladimirs-folly.oramap
   561 ms --------------------------------------------------
          StartGame
          |   NewWorld
          |   |   PrepareMap
          |   |   |   Map
    25 ms |   |   |   |   LoadSequences
   142 ms |   |   |   --------------------------------------
     5 ms |   |   |   Map.Music
   339 ms |   |   ------------------------------------------
   515 ms |   ----------------------------------------------
          |   LoadComplete
     0 ms |   |   ScreenMap.WorldLoaded
     0 ms |   |   MusicPlaylist.WorldLoaded
     0 ms |   |   TerrainGeometryOverlay.WorldLoaded
    15 ms |   |   TerrainRenderer.WorldLoaded
    36 ms |   |   ShroudRenderer.WorldLoaded
     2 ms |   |   DevCommands.WorldLoaded
     1 ms |   |   DebugVisualizationCommands.WorldLoaded
     0 ms |   |   PlayerCommands.WorldLoaded
     0 ms |   |   HelpCommand.WorldLoaded
     0 ms |   |   ScreenShaker.WorldLoaded
     0 ms |   |   CustomTerrainDebugOverlay.WorldLoaded
     6 ms |   |   SmudgeLayer.WorldLoaded
     2 ms |   |   SmudgeLayer.WorldLoaded
   278 ms |   |   SpawnMapActors.WorldLoaded
    28 ms |   |   LoadWidgetAtGameStart.WorldLoaded
     0 ms |   |   CellTriggerOverlay.WorldLoaded
     0 ms |   |   StartGameNotification.WorldLoaded
     0 ms |   |   TimeLimitManager.WorldLoaded
    19 ms |   |   Locomotor.WorldLoaded
     9 ms |   |   Locomotor.WorldLoaded
     9 ms |   |   Locomotor.WorldLoaded
     9 ms |   |   Locomotor.WorldLoaded
     9 ms |   |   Locomotor.WorldLoaded
     3 ms |   |   BuildableTerrainLayer.WorldLoaded
     6 ms |   |   ResourceLayer.WorldLoaded
    61 ms |   |   LuaScript.WorldLoaded
    25 ms |   |   D2kResourceRenderer.WorldLoaded
   152 ms |   |   PathFinder.WorldLoaded
     0 ms |   |   PathFinderOverlay.WorldLoaded
     0 ms |   |   HierarchicalPathFinderOverlay.WorldLoaded
     0 ms |   |   MissionObjectives.WorldLoaded
     0 ms |   |   PlayerStatistics.WorldLoaded
     0 ms |   |   GameSaveViewportManager.WorldLoaded
     1 ms |   |   PlayerRadarTerrain.WorldLoaded
     0 ms |   |   MissionObjectives.WorldLoaded
     0 ms |   |   PlayerStatistics.WorldLoaded
     0 ms |   |   GameSaveViewportManager.WorldLoaded
     0 ms |   |   PlayerRadarTerrain.WorldLoaded
     0 ms |   |   MissionObjectives.WorldLoaded
     0 ms |   |   PlayerStatistics.WorldLoaded
     0 ms |   |   GameSaveViewportManager.WorldLoaded
     0 ms |   |   PlayerRadarTerrain.WorldLoaded
     0 ms |   |   MissionObjectives.WorldLoaded
     0 ms |   |   PlayerStatistics.WorldLoaded
     0 ms |   |   GameSaveViewportManager.WorldLoaded
     0 ms |   |   PlayerRadarTerrain.WorldLoaded
     0 ms |   |   MissionObjectives.WorldLoaded
     0 ms |   |   PlayerStatistics.WorldLoaded
     0 ms |   |   GameSaveViewportManager.WorldLoaded
     0 ms |   |   PlayerRadarTerrain.WorldLoaded
     0 ms |   |   MissionObjectives.WorldLoaded
     0 ms |   |   PlayerStatistics.WorldLoaded
     0 ms |   |   GameSaveViewportManager.WorldLoaded
     0 ms |   |   PlayerRadarTerrain.WorldLoaded
     0 ms |   |   MissionObjectives.WorldLoaded
     0 ms |   |   PlayerStatistics.WorldLoaded
     0 ms |   |   GameSaveViewportManager.WorldLoaded
     0 ms |   |   PlayerRadarTerrain.WorldLoaded
     0 ms |   |   MissionObjectives.WorldLoaded
     0 ms |   |   PlayerStatistics.WorldLoaded
     0 ms |   |   GameSaveViewportManager.WorldLoaded
     0 ms |   |   PlayerRadarTerrain.WorldLoaded
   675 ms |   ----------------------------------------------
  1379 ms --------------------------------------------------
          NewWorld
          |   PrepareMap
          |   |   Map
    11 ms |   |   |   LoadSequences
    50 ms |   |   ------------------------------------------
     4 ms |   |   Map.Music
   205 ms |   ----------------------------------------------
   235 ms --------------------------------------------------
          LoadComplete
     0 ms |   ScreenMap.WorldLoaded
     0 ms |   MusicPlaylist.WorldLoaded
     0 ms |   TerrainGeometryOverlay.WorldLoaded
     1 ms |   TerrainRenderer.WorldLoaded
     1 ms |   ShroudRenderer.WorldLoaded
     0 ms |   DevCommands.WorldLoaded
     0 ms |   DebugVisualizationCommands.WorldLoaded
     0 ms |   PlayerCommands.WorldLoaded
     0 ms |   HelpCommand.WorldLoaded
     0 ms |   ScreenShaker.WorldLoaded
     0 ms |   CustomTerrainDebugOverlay.WorldLoaded
     0 ms |   SmudgeLayer.WorldLoaded
     0 ms |   SmudgeLayer.WorldLoaded
     7 ms |   SpawnMapActors.WorldLoaded
    54 ms |   LoadWidgetAtGameStart.WorldLoaded
     0 ms |   CellTriggerOverlay.WorldLoaded
     0 ms |   StartGameNotification.WorldLoaded
     0 ms |   TimeLimitManager.WorldLoaded
     0 ms |   Locomotor.WorldLoaded
     0 ms |   Locomotor.WorldLoaded
     0 ms |   Locomotor.WorldLoaded
     0 ms |   Locomotor.WorldLoaded
     0 ms |   Locomotor.WorldLoaded
     0 ms |   BuildableTerrainLayer.WorldLoaded
     0 ms |   ResourceLayer.WorldLoaded
    16 ms |   LuaScript.WorldLoaded
     1 ms |   D2kResourceRenderer.WorldLoaded
     4 ms |   PathFinder.WorldLoaded
     0 ms |   PathFinderOverlay.WorldLoaded
     0 ms |   HierarchicalPathFinderOverlay.WorldLoaded
     0 ms |   MissionObjectives.WorldLoaded
     0 ms |   PlayerStatistics.WorldLoaded
     0 ms |   GameSaveViewportManager.WorldLoaded
     0 ms |   PlayerRadarTerrain.WorldLoaded
     0 ms |   MissionObjectives.WorldLoaded
     0 ms |   PlayerStatistics.WorldLoaded
     0 ms |   GameSaveViewportManager.WorldLoaded
     0 ms |   PlayerRadarTerrain.WorldLoaded
     0 ms |   MissionObjectives.WorldLoaded
     0 ms |   PlayerStatistics.WorldLoaded
     0 ms |   GameSaveViewportManager.WorldLoaded
     0 ms |   PlayerRadarTerrain.WorldLoaded
     0 ms |   MissionObjectives.WorldLoaded
     0 ms |   PlayerStatistics.WorldLoaded
     0 ms |   GameSaveViewportManager.WorldLoaded
     0 ms |   PlayerRadarTerrain.WorldLoaded
     0 ms |   MissionObjectives.WorldLoaded
     0 ms |   PlayerStatistics.WorldLoaded
     0 ms |   GameSaveViewportManager.WorldLoaded
     0 ms |   PlayerRadarTerrain.WorldLoaded
    86 ms --------------------------------------------------
          StartGame
          |   NewWorld
          |   |   PrepareMap
          |   |   |   Map
    19 ms |   |   |   |   LoadSequences
   120 ms |   |   |   --------------------------------------
     3 ms |   |   |   Map.Music
   259 ms |   |   ------------------------------------------
   309 ms |   ----------------------------------------------
          |   LoadComplete
     0 ms |   |   ScreenMap.WorldLoaded
     0 ms |   |   MusicPlaylist.WorldLoaded
     0 ms |   |   TerrainGeometryOverlay.WorldLoaded
     8 ms |   |   TerrainRenderer.WorldLoaded
    15 ms |   |   ShroudRenderer.WorldLoaded
     0 ms |   |   DevCommands.WorldLoaded
     0 ms |   |   DebugVisualizationCommands.WorldLoaded
     0 ms |   |   PlayerCommands.WorldLoaded
     0 ms |   |   HelpCommand.WorldLoaded
     0 ms |   |   ScreenShaker.WorldLoaded
     0 ms |   |   CustomTerrainDebugOverlay.WorldLoaded
     3 ms |   |   SmudgeLayer.WorldLoaded
     9 ms |   |   SmudgeLayer.WorldLoaded
    95 ms |   |   SpawnMapActors.WorldLoaded
     2 ms |   |   LoadWidgetAtGameStart.WorldLoaded
     0 ms |   |   CellTriggerOverlay.WorldLoaded
     0 ms |   |   StartGameNotification.WorldLoaded
     0 ms |   |   TimeLimitManager.WorldLoaded
     4 ms |   |   Locomotor.WorldLoaded
     3 ms |   |   Locomotor.WorldLoaded
     3 ms |   |   Locomotor.WorldLoaded
     3 ms |   |   Locomotor.WorldLoaded
     3 ms |   |   Locomotor.WorldLoaded
     3 ms |   |   BuildableTerrainLayer.WorldLoaded
     1 ms |   |   ResourceLayer.WorldLoaded
    14 ms |   |   LuaScript.WorldLoaded
     7 ms |   |   D2kResourceRenderer.WorldLoaded
    38 ms |   |   PathFinder.WorldLoaded
     0 ms |   |   PathFinderOverlay.WorldLoaded
     0 ms |   |   HierarchicalPathFinderOverlay.WorldLoaded
     0 ms |   |   MissionObjectives.WorldLoaded
     0 ms |   |   PlayerStatistics.WorldLoaded
     0 ms |   |   GameSaveViewportManager.WorldLoaded
     0 ms |   |   PlayerRadarTerrain.WorldLoaded
     0 ms |   |   MissionObjectives.WorldLoaded
     0 ms |   |   PlayerStatistics.WorldLoaded
     0 ms |   |   GameSaveViewportManager.WorldLoaded
     0 ms |   |   PlayerRadarTerrain.WorldLoaded
     0 ms |   |   MissionObjectives.WorldLoaded
     0 ms |   |   PlayerStatistics.WorldLoaded
     0 ms |   |   GameSaveViewportManager.WorldLoaded
     0 ms |   |   PlayerRadarTerrain.WorldLoaded
     0 ms |   |   MissionObjectives.WorldLoaded
     0 ms |   |   PlayerStatistics.WorldLoaded
     0 ms |   |   GameSaveViewportManager.WorldLoaded
     0 ms |   |   PlayerRadarTerrain.WorldLoaded
     0 ms |   |   MissionObjectives.WorldLoaded
     0 ms |   |   PlayerStatistics.WorldLoaded
     0 ms |   |   GameSaveViewportManager.WorldLoaded
     0 ms |   |   PlayerRadarTerrain.WorldLoaded
     0 ms |   |   MissionObjectives.WorldLoaded
     0 ms |   |   PlayerStatistics.WorldLoaded
     0 ms |   |   GameSaveViewportManager.WorldLoaded
     0 ms |   |   PlayerRadarTerrain.WorldLoaded
     0 ms |   |   MissionObjectives.WorldLoaded
     0 ms |   |   PlayerStatistics.WorldLoaded
     0 ms |   |   GameSaveViewportManager.WorldLoaded
     0 ms |   |   PlayerRadarTerrain.WorldLoaded
     0 ms |   |   MissionObjectives.WorldLoaded
     0 ms |   |   PlayerStatistics.WorldLoaded
     0 ms |   |   GameSaveViewportManager.WorldLoaded
     0 ms |   |   PlayerRadarTerrain.WorldLoaded
   211 ms |   ----------------------------------------------
   715 ms --------------------------------------------------
          SpriteFonts
     1 ms |   Precache common|FreeSans.ttf 10px
     1 ms |   Precache common|FreeSansBold.ttf 10px
     1 ms |   Precache common|FreeSans.ttf 14px
     1 ms |   Precache common|FreeSansBold.ttf 14px
     1 ms |   Precache common|FreeSansBold.ttf 18px
     1 ms |   Precache common|FreeSansBold.ttf 24px
     8 ms --------------------------------------------------
     0 ms LoadMaps
          SpriteFonts
     2 ms |   Precache common|FreeSans.ttf 10px
     2 ms |   Precache common|FreeSansBold.ttf 10px
     2 ms |   Precache common|FreeSans.ttf 12px
     2 ms |   Precache common|FreeSans.ttf 14px
     2 ms |   Precache common|FreeSansBold.ttf 14px
     2 ms |   Precache common|FreeSansBold.ttf 18px
     2 ms |   Precache common|FreeSansBold.ttf 24px
    19 ms --------------------------------------------------
          LoadMaps
     2 ms |   arakeen.oramap
    19 ms |   atreides-01a
    12 ms |   atreides-01b
    18 ms |   atreides-02a
     9 ms |   atreides-02b
     9 ms |   atreides-03a
     9 ms |   atreides-03b
     9 ms |   atreides-04
     9 ms |   atreides-05
     1 ms |   battle-for-dune.oramap
     1 ms |   carthag.oramap
     1 ms |   cave-of-birds.oramap
     0 ms |   cave-of-riches.oramap
     0 ms |   chin-rock.oramap
     0 ms |   cliffmaze.oramap
     1 ms |   death-depths.oramap
     1 ms |   desert-twister.oramap
     1 ms |   eyesofthedesert.oramap
     1 ms |   gara-kulon.oramap
     1 ms |   habbanya-erg.oramap
     1 ms |   habbanya-ridge.oramap
     1 ms |   hallecks-ridge.oramap
     9 ms |   harkonnen-01a
     9 ms |   harkonnen-01b
     9 ms |   harkonnen-02a
     9 ms |   harkonnen-02b
     9 ms |   harkonnen-03a
     9 ms |   harkonnen-03b
     9 ms |   harkonnen-04
    10 ms |   harkonnen-05
    10 ms |   harkonnen-06a
    10 ms |   harkonnen-06b
    10 ms |   harkonnen-07
    10 ms |   harkonnen-08
    10 ms |   harkonnen-09a
    12 ms |   harkonnen-09b
     1 ms |   imperial-basin.oramap
     1 ms |   jacarutu.oramap
     1 ms |   kanly.oramap
     1 ms |   letos-erg.oramap
    44 ms |   lynch-pass.oramap
     1 ms |   mauddibs-cave.oramap
     3 ms |   mount-idaho
     1 ms |   mount-irulan.oramap
     3 ms |   oasis-conquest
     1 ms |   oh-gap.oramap
     9 ms |   ordos-01a
     9 ms |   ordos-01b
     9 ms |   ordos-02a
     9 ms |   ordos-02b
     9 ms |   ordos-03a
     9 ms |   ordos-03b
    10 ms |   ordos-04
    10 ms |   ordos-05
    10 ms |   ordos-06a
     3 ms |   pasty-mesa
     1 ms |   red-chasm.oramap
     3 ms |   shellmap
     1 ms |   side-step.oramap
     1 ms |   sietch-tabr.oramap
     1 ms |   source.oramap
     1 ms |   spice-mesa.oramap
     1 ms |   stone-plateaus.oramap
     1 ms |   sunstroke.oramap
     1 ms |   tenaya.oramap
     1 ms |   the-duell.oramap
     1 ms |   the-funeral-plain.oramap
     1 ms |   the-great-flat.oramap
     1 ms |   the-minor-erg.oramap
     1 ms |   the-shield-wall.oramap
     1 ms |   thufirs-point.oramap
     1 ms |   tsimpo.oramap
     1 ms |   tucks-sietch.oramap
     1 ms |   venac-ditch.oramap
     1 ms |   vladimirs-folly.oramap
   409 ms --------------------------------------------------
          StartGame
          |   NewWorld
          |   |   PrepareMap
          |   |   |   Map
    16 ms |   |   |   |   LoadSequences
   109 ms |   |   |   --------------------------------------
     3 ms |   |   |   Map.Music
   283 ms |   |   ------------------------------------------
   308 ms |   ----------------------------------------------
          |   LoadComplete
     0 ms |   |   ScreenMap.WorldLoaded
     0 ms |   |   MusicPlaylist.WorldLoaded
     0 ms |   |   TerrainGeometryOverlay.WorldLoaded
     7 ms |   |   TerrainRenderer.WorldLoaded
    12 ms |   |   ShroudRenderer.WorldLoaded
     0 ms |   |   DevCommands.WorldLoaded
     0 ms |   |   DebugVisualizationCommands.WorldLoaded
     0 ms |   |   PlayerCommands.WorldLoaded
     0 ms |   |   HelpCommand.WorldLoaded
     0 ms |   |   ScreenShaker.WorldLoaded
     0 ms |   |   CustomTerrainDebugOverlay.WorldLoaded
     3 ms |   |   SmudgeLayer.WorldLoaded
     3 ms |   |   SmudgeLayer.WorldLoaded
    90 ms |   |   SpawnMapActors.WorldLoaded
     3 ms |   |   LoadWidgetAtGameStart.WorldLoaded
     0 ms |   |   CellTriggerOverlay.WorldLoaded
     0 ms |   |   StartGameNotification.WorldLoaded
     0 ms |   |   TimeLimitManager.WorldLoaded
     4 ms |   |   Locomotor.WorldLoaded
     3 ms |   |   Locomotor.WorldLoaded
     3 ms |   |   Locomotor.WorldLoaded
     3 ms |   |   Locomotor.WorldLoaded
     3 ms |   |   Locomotor.WorldLoaded
     3 ms |   |   BuildableTerrainLayer.WorldLoaded
     1 ms |   |   ResourceLayer.WorldLoaded
    14 ms |   |   LuaScript.WorldLoaded
     7 ms |   |   D2kResourceRenderer.WorldLoaded
    38 ms |   |   PathFinder.WorldLoaded
     0 ms |   |   PathFinderOverlay.WorldLoaded
     0 ms |   |   HierarchicalPathFinderOverlay.WorldLoaded
     0 ms |   |   MissionObjectives.WorldLoaded
     0 ms |   |   PlayerStatistics.WorldLoaded
     0 ms |   |   GameSaveViewportManager.WorldLoaded
     0 ms |   |   PlayerRadarTerrain.WorldLoaded
     0 ms |   |   MissionObjectives.WorldLoaded
     0 ms |   |   PlayerStatistics.WorldLoaded
     0 ms |   |   GameSaveViewportManager.WorldLoaded
     0 ms |   |   PlayerRadarTerrain.WorldLoaded
     0 ms |   |   MissionObjectives.WorldLoaded
     0 ms |   |   PlayerStatistics.WorldLoaded
     0 ms |   |   GameSaveViewportManager.WorldLoaded
     0 ms |   |   PlayerRadarTerrain.WorldLoaded
     0 ms |   |   MissionObjectives.WorldLoaded
     0 ms |   |   PlayerStatistics.WorldLoaded
     0 ms |   |   GameSaveViewportManager.WorldLoaded
     0 ms |   |   PlayerRadarTerrain.WorldLoaded
     0 ms |   |   MissionObjectives.WorldLoaded
     0 ms |   |   PlayerStatistics.WorldLoaded
     0 ms |   |   GameSaveViewportManager.WorldLoaded
     0 ms |   |   PlayerRadarTerrain.WorldLoaded
     0 ms |   |   MissionObjectives.WorldLoaded
     0 ms |   |   PlayerStatistics.WorldLoaded
     0 ms |   |   GameSaveViewportManager.WorldLoaded
     0 ms |   |   PlayerRadarTerrain.WorldLoaded
     0 ms |   |   MissionObjectives.WorldLoaded
     0 ms |   |   PlayerStatistics.WorldLoaded
     0 ms |   |   GameSaveViewportManager.WorldLoaded
     0 ms |   |   PlayerRadarTerrain.WorldLoaded
     0 ms |   |   MissionObjectives.WorldLoaded
     0 ms |   |   PlayerStatistics.WorldLoaded
     0 ms |   |   GameSaveViewportManager.WorldLoaded
     0 ms |   |   PlayerRadarTerrain.WorldLoaded
   196 ms |   ----------------------------------------------
   716 ms --------------------------------------------------
