Production: 219415
GivesBuildableArea: 52891
IHealth: 43843
ISelectionBar: 43734
IRenderAnnotationsWhenSelected: 41428
IRenderAboveShroudWhenSelected: 41428
RejectsOrders: 23061
IIssueOrder: 18826
IPaletteModifier: 17554
IRenderOverlay: 17553
BuildingInfluence: 16044
PrimaryBuilding: 6115
ProvidesRadar: 6079
MustBeDestroyed: 5357
DeveloperMode: 2739
MapBuildRadius: 2678
ISync: 2438
ITooltip: 1992
IProvideTooltipInfo: 1952
ICrushable: 1051
INotifyBlockingMove: 735
INotifyAppliedDamage: 402
Mobile: 370
IFacing: 357
AnnounceOnSeen: 244
DebugVisualizations: 229
ProductionQueue: 212
IMove: 145
IVoiced: 143
AutoTarget: 143
IIssueDeployOrder: 131
INotifySelected: 122
Armor: 119
AttractsWorms: 115
TechTree: 108
BuildableTerrainLayer: 106
PlayerResources: 106
IAcceptResources: 103
PowerManager: 91
DrawLineToTarget: 87
BodyOrientation: 86
INotifyResourceAccepted: 84
RenderSprites: 83
IDamageModifier: 82
IOrderVoice: 65
ITechTreePrerequisite: 63
Buildable: 63
IResourceLayer: 60
INotifyDamage: 58
INotifyKilled: 58
Turreted: 55
INotifyCreated: 52
INotifyAddedToWorld: 52
IObservesVariables: 52
ICreationActivity: 52
SupportPower: 51
IAutoMouseBounds: 46
FrozenActorLayer: 45
IPositionable: 41
RevealsShroud: 40
AttackFrontal: 40
IVisibilityModifier: 40
IBotPositionsUpdated: 35
PlayerStatistics: 35
Armament: 34
IDisableEnemyAutoTarget: 33
INotifyOrderIssued: 30
Cloak: 30
ITargetableCells: 30
IRadarColorModifier: 29
INotifyDamageStateChanged: 29
SquadManagerBotModule: 28
HitShape: 28
IBlocksProjectiles: 28
IGivesExperienceModifier: 28
IRevealsShroudModifier: 28
IDecoration: 27
Interactable: 27
Locomotor: 26
AttackBase: 23
MapOptions: 22
IFirepowerModifier: 22
IReloadModifier: 22
IInaccuracyModifier: 22
INotifyAttack: 22
INotifyBurstComplete: 22
IRangeModifier: 22
INotifyMoving: 21
INotifyCenterPositionChanged: 21
Harvester: 21
RadarPings: 20
IPathFinder: 20
INotifyCustomLayerChanged: 20
INotifyFinishedMoving: 20
IWrapMove: 20
INotifyAiming: 19
ISpeedModifier: 18
AutoTargetPriority: 18
IOverrideAutoTarget: 18
INotifyStanceChanged: 18
SmudgeLayer: 17
INotifyBuildingPlaced: 16
INotifyActorDisposing: 15
INotifyRemovedFromWorld: 15
IBotRequestPauseUnitProduction: 15
IBotNotifyIdleBaseUnits: 15
Shroud: 15
IRenderInfantrySequenceModifier: 15
IDetectCloakedModifier: 15
AttackTurreted: 15
AttackMove: 14
INotifyHarvesterAction: 13
ResourceClaimLayer: 12
PlayerExperience: 12
INotifyDiscovered: 11
IBotRequestUnitProduction: 10
WithSpriteBody: 10
ChatCommands: 9
ScriptTriggers: 9
HelpCommand: 8
Tooltip: 8
CaptureManager: 8
Power: 8
Capturable: 8
RepairableBuilding: 8
ICaptureProgressWatcher: 8
Captures: 8
WithMakeOverlay: 8
IPowerModifier: 8
ScriptTags: 8
IObjectivesPanel: 7
GainsExperience: 7
Aircraft: 7
IWorldLoaded: 6
IRadarTerrainLayer: 6
LuaScript: 6
INotifyPlayerDisconnected: 6
MissionObjectives: 6
SupportPowerManager: 6
ILoadsPlayerPalettes: 5
IUnlocksRenderPlayer: 5
Rearmable: 5
INotifyPowerLevelChanged: 5
IGainsExperienceModifier: 5
MusicPlaylist: 4
Huntable: 4
IDelayCarryallPickup: 4
MenuPaletteEffect: 4
INotifyObjectivesUpdated: 3
Carryable: 3
INotifyDockHost: 3
Carryall: 3
IDockClientBody: 3
WithDockingOverlay: 3
INotifyDockClient: 3
TimeLimitManager: 2
ClassicProductionQueue: 2
INotifyViewportZoomExtentsChanged: 2
IPreventMapSpawn: 2
Guard: 2
ExternalCondition: 2
IProductionIconOverlay: 2
ILoadsPalettes: 1
FlashPaletteEffect: 1
ScreenMap: 1
IActorMap: 1
ISelection: 1
IControlGroups: 1
TerrainGeometryOverlay: 1
IRenderTerrain: 1
ITiledTerrainRenderer: 1
INotifyChat: 1
INotifySelection: 1
MapCreeps: 1
SpawnMapActors: 1
ICreatePlayers: 1
IValidateOrder: 1
INotifyIdle: 1
ScriptLobbyDropdown: 1
ActorSpawnManager: 1
IResourceRenderer: 1
PathFinderOverlay: 1
HierarchicalPathFinderOverlay: 1
ICustomMovementLayer: 1
IBot: 1
IBotTick: 1
IBotRespondToAttack: 1
IBotEnabled: 1
GrantConditionOnPrerequisiteManager: 1
PlayerRadarTerrain: 1
IAssignSpawnPoints: 1
ITerrainLighting: 1
IActorPreviewInitModifier: 1
ActorSpawner: 1
ICallForTransport: 1
Repairable: 1
Building: 1
RallyPoint: 1
GlobalLightingPaletteEffect: 1
StrategicVictoryConditions: 1
IAircraftCenterPositionOffset: 1
IOverrideAircraftLanding: 1
IResourceValueModifier: 1
INotifyLanding: 1
ICrushable: 4894
Production: 3611
IHealth: 2018
FrozenActorLayer: 1328
ITooltip: 1320
IVisibilityModifier: 1320
IDamageModifier: 866
BodyOrientation: 645
RenderSprites: 594
INotifyDamage: 556
INotifyKilled: 556
Turreted: 497
ITechTreePrerequisite: 484
Buildable: 484
TechTree: 482
DebugVisualizations: 467
PrimaryBuilding: 451
IMove: 409
IFacing: 373
Armament: 359
BuildingInfluence: 331
INotifyCreated: 319
IObservesVariables: 319
ICreationActivity: 319
IAutoMouseBounds: 310
INotifyAddedToWorld: 307
SupportPower: 306
ITargetableCells: 306
IWallConnector: 283
Cloak: 279
INotifyDamageStateChanged: 278
PowerManager: 266
IRadarColorModifier: 257
HitShape: 256
IBlocksProjectiles: 256
IRevealsShroudModifier: 255
PlayerStatistics: 213
SquadManagerBotModule: 209
PlayerResources: 190
Interactable: 187
IDecoration: 187
SmudgeLayer: 165
BuildableTerrainLayer: 165
IPaletteModifier: 134
Aircraft: 134
IRenderOverlay: 133
WithSpriteBody: 131
Power: 122
Capturable: 122
RepairableBuilding: 122
ICaptureProgressWatcher: 122
Captures: 122
IPowerModifier: 118
WithMakeOverlay: 118
Mobile: 108
CaptureManager: 102
AttackBase: 102
INotifyMoving: 92
INotifyCenterPositionChanged: 92
IFirepowerModifier: 88
INotifyAttack: 88
IReloadModifier: 88
IInaccuracyModifier: 88
INotifyBurstComplete: 88
IRangeModifier: 88
INotifyAiming: 78
AutoTargetPriority: 77
IOverrideAutoTarget: 77
INotifyStanceChanged: 77
IPathFinder: 74
Locomotor: 72
DeveloperMode: 72
ProductionQueue: 72
AttackTurreted: 72
INotifyCustomLayerChanged: 70
INotifyFinishedMoving: 70
IWrapMove: 70
Rearmable: 59
IBotPositionsUpdated: 56
IDetectCloakedModifier: 56
AutoTarget: 46
IResourceLayer: 37
IDelayCarryallPickup: 37
MapOptions: 36
Carryall: 36
IRenderInfantrySequenceModifier: 32
RallyPoint: 32
RadarPings: 26
ResourceClaimLayer: 24
IBotRequestPauseUnitProduction: 24
IBotNotifyIdleBaseUnits: 24
Shroud: 24
Harvester: 24
ISpeedModifier: 23
IAircraftCenterPositionOffset: 22
IOverrideAircraftLanding: 22
Repairable: 22
Carryable: 22
GrantConditionOnPrerequisiteManager: 20
ISync: 19
INotifyPowerLevelChanged: 18
INotifyProduction: 17
INotifyOtherProduction: 17
Exit: 17
Reservable: 17
IBotRequestUnitProduction: 16
Tooltip: 14
ScriptTags: 14
PlayerExperience: 12
ICallForTransport: 12
IResourceValueModifier: 12
INotifyIdle: 10
IWorldLoaded: 9
ChatCommands: 9
INotifyPlayerDisconnected: 9
ILoadsPlayerPalettes: 8
HelpCommand: 8
IRadarTerrainLayer: 8
IUnlocksRenderPlayer: 8
SupportPowerManager: 8
INotifyLanding: 6
ScriptTriggers: 4
MissionObjectives: 4
ClassicProductionQueue: 4
IActorPreviewInitModifier: 4
ExternalCondition: 4
MusicPlaylist: 2
IPreventMapSpawn: 2
ILoadsPalettes: 1
FlashPaletteEffect: 1
ScreenMap: 1
IActorMap: 1
ISelection: 1
IControlGroups: 1
IRenderTerrain: 1
ITiledTerrainRenderer: 1
INotifySelection: 1
MapCreeps: 1
SpawnMapActors: 1
ICreatePlayers: 1
IValidateOrder: 1
TimeLimitManager: 1
ActorSpawnManager: 1
PathFinderOverlay: 1
ICustomMovementLayer: 1
INotifyViewportZoomExtentsChanged: 1
ITerrainLighting: 1
ActorSpawner: 1
GlobalLightingPaletteEffect: 1
